<?xml version="1.0" encoding="UTF-8"?>
<testng-results ignored="0" total="2" passed="2" failed="0" skipped="0">
  <reporter-output>
  </reporter-output>
  <suite started-at="2021-09-23T12:48:22 IST" name="Default suite" finished-at="2021-09-23T12:48:57 IST" duration-ms="34408">
    <groups>
    </groups>
    <test started-at="2021-09-23T12:48:22 IST" name="Default test" finished-at="2021-09-23T12:48:57 IST" duration-ms="34408">
      <class name="com.tbm.automation.LoginTest">
        <test-method is-config="true" signature="beforeMethod()[pri:0, instance:com.tbm.automation.LoginTest@4d910fd6]" started-at="2021-09-23T12:48:23 IST" name="beforeMethod" finished-at="2021-09-23T12:48:41 IST" duration-ms="18188" status="PASS">
          <reporter-output>
          </reporter-output>
        </test-method> <!-- beforeMethod -->
        <test-method signature="test1()[pri:0, instance:com.tbm.automation.LoginTest@4d910fd6]" started-at="2021-09-23T12:48:41 IST" name="test1" finished-at="2021-09-23T12:48:44 IST" duration-ms="3532" status="PASS">
          <reporter-output>
          </reporter-output>
        </test-method> <!-- test1 -->
        <test-method is-config="true" signature="afterMethod()[pri:0, instance:com.tbm.automation.LoginTest@4d910fd6]" started-at="2021-09-23T12:48:44 IST" name="afterMethod" finished-at="2021-09-23T12:48:45 IST" duration-ms="498" status="PASS">
          <reporter-output>
          </reporter-output>
        </test-method> <!-- afterMethod -->
        <test-method is-config="true" signature="beforeMethod()[pri:0, instance:com.tbm.automation.LoginTest@4d910fd6]" started-at="2021-09-23T12:48:45 IST" name="beforeMethod" finished-at="2021-09-23T12:48:54 IST" duration-ms="9303" status="PASS">
          <reporter-output>
          </reporter-output>
        </test-method> <!-- beforeMethod -->
        <test-method signature="test2()[pri:0, instance:com.tbm.automation.LoginTest@4d910fd6]" started-at="2021-09-23T12:48:54 IST" name="test2" finished-at="2021-09-23T12:48:56 IST" duration-ms="2095" status="PASS">
          <reporter-output>
          </reporter-output>
        </test-method> <!-- test2 -->
        <test-method is-config="true" signature="afterMethod()[pri:0, instance:com.tbm.automation.LoginTest@4d910fd6]" started-at="2021-09-23T12:48:56 IST" name="afterMethod" finished-at="2021-09-23T12:48:57 IST" duration-ms="643" status="PASS">
          <reporter-output>
          </reporter-output>
        </test-method> <!-- afterMethod -->
      </class> <!-- com.tbm.automation.LoginTest -->
    </test> <!-- Default test -->
  </suite> <!-- Default suite -->
</testng-results>
